2023-07-09T20:10:11.554+09:00  INFO 420384 --- [main] o.m.e.EurekaServerApplication            : The following 1 profile is active: "local"
2023-07-09T20:10:12.377+09:00  INFO 420384 --- [main] o.s.cloud.context.scope.GenericScope     : BeanFactory id=e12ec92d-2836-3eeb-9641-f901557c6854
2023-07-09T20:10:12.665+09:00  INFO 420384 --- [main] o.s.b.w.embedded.tomcat.TomcatWebServer  : Tomcat initialized with port(s): 8761 (http)
2023-07-09T20:10:12.678+09:00  INFO 420384 --- [main] o.apache.catalina.core.StandardService   : Starting service [Tomcat]
2023-07-09T20:10:12.678+09:00  INFO 420384 --- [main] o.apache.catalina.core.StandardEngine    : Starting Servlet engine: [Apache Tomcat/10.1.5]
2023-07-09T20:10:12.800+09:00  INFO 420384 --- [main] o.a.c.c.C.[Tomcat].[localhost].[/]       : Initializing Spring embedded WebApplicationContext
2023-07-09T20:10:12.802+09:00  INFO 420384 --- [main] w.s.c.ServletWebServerApplicationContext : Root WebApplicationContext: initialization completed in 1224 ms
2023-07-09T20:10:13.746+09:00  INFO 420384 --- [main] c.n.d.provider.DiscoveryJerseyProvider   : Using JSON encoding codec LegacyJacksonJson
2023-07-09T20:10:13.748+09:00  INFO 420384 --- [main] c.n.d.provider.DiscoveryJerseyProvider   : Using JSON decoding codec LegacyJacksonJson
2023-07-09T20:10:13.922+09:00  INFO 420384 --- [main] c.n.d.provider.DiscoveryJerseyProvider   : Using XML encoding codec XStreamXml
2023-07-09T20:10:13.923+09:00  INFO 420384 --- [main] c.n.d.provider.DiscoveryJerseyProvider   : Using XML decoding codec XStreamXml
2023-07-09T20:10:15.130+09:00  INFO 420384 --- [main] DiscoveryClientOptionalArgsConfiguration : Eureka HTTP Client uses RestTemplate.
2023-07-09T20:10:15.171+09:00  WARN 420384 --- [main] iguration$LoadBalancerCaffeineWarnLogger : Spring Cloud LoadBalancer is currently working with the default cache. While this cache implementation is useful for development and tests, it's recommended to use Caffeine cache in production.You can switch to using Caffeine cache, by adding it and org.springframework.cache.caffeine.CaffeineCacheManager to the classpath.
2023-07-09T20:10:15.189+09:00  INFO 420384 --- [main] o.s.c.n.eureka.InstanceInfoFactory       : Setting initial instance status as: STARTING
2023-07-09T20:10:15.225+09:00  INFO 420384 --- [main] com.netflix.discovery.DiscoveryClient    : Initializing Eureka in region us-east-1
2023-07-09T20:10:15.226+09:00  INFO 420384 --- [main] com.netflix.discovery.DiscoveryClient    : Client configured to neither register nor query for data.
2023-07-09T20:10:15.242+09:00  INFO 420384 --- [main] com.netflix.discovery.DiscoveryClient    : Discovery Client initialized at timestamp 1688901015241 with initial instances count: 0
2023-07-09T20:10:15.283+09:00  INFO 420384 --- [main] c.n.eureka.DefaultEurekaServerContext    : Initializing ...
2023-07-09T20:10:15.284+09:00  WARN 420384 --- [main] c.n.eureka.cluster.PeerEurekaNodes       : The replica size seems to be empty. Check the route 53 DNS Registry
2023-07-09T20:10:15.299+09:00  INFO 420384 --- [main] c.n.e.registry.AbstractInstanceRegistry  : Finished initializing remote region registries. All known remote regions: []
2023-07-09T20:10:15.300+09:00  INFO 420384 --- [main] c.n.eureka.DefaultEurekaServerContext    : Initialized
2023-07-09T20:10:15.308+09:00  INFO 420384 --- [main] o.s.b.a.e.web.EndpointLinksResolver      : Exposing 17 endpoint(s) beneath base path '/actuator'
2023-07-09T20:10:15.392+09:00  INFO 420384 --- [main] o.s.c.n.e.s.EurekaServiceRegistry        : Registering application EUREKA-SERVER with eureka with status UP
2023-07-09T20:10:15.404+09:00  INFO 420384 --- [Thread-10] o.s.c.n.e.server.EurekaServerBootstrap   : isAws returned false
2023-07-09T20:10:15.404+09:00  INFO 420384 --- [Thread-10] o.s.c.n.e.server.EurekaServerBootstrap   : Initialized server context
2023-07-09T20:10:15.405+09:00  INFO 420384 --- [Thread-10] c.n.e.r.PeerAwareInstanceRegistryImpl    : Got 1 instances from neighboring DS node
2023-07-09T20:10:15.405+09:00  INFO 420384 --- [Thread-10] c.n.e.r.PeerAwareInstanceRegistryImpl    : Renew threshold is: 1
2023-07-09T20:10:15.405+09:00  INFO 420384 --- [Thread-10] c.n.e.r.PeerAwareInstanceRegistryImpl    : Changing status to UP
2023-07-09T20:10:15.412+09:00  INFO 420384 --- [Thread-10] e.s.EurekaServerInitializerConfiguration : Started Eureka Server
2023-07-09T20:10:15.780+09:00  INFO 420384 --- [main] o.s.b.w.embedded.tomcat.TomcatWebServer  : Tomcat started on port(s): 8761 (http) with context path ''
2023-07-09T20:10:15.782+09:00  INFO 420384 --- [main] .s.c.n.e.s.EurekaAutoServiceRegistration : Updating port to 8761
2023-07-09T20:10:16.015+09:00  INFO 420384 --- [main] o.m.e.EurekaServerApplication            : Started EurekaServerApplication in 6.127 seconds (process running for 6.941)
2023-07-09T20:10:25.458+09:00  INFO 420384 --- [http-nio-8761-exec-1] o.a.c.c.C.[Tomcat].[localhost].[/]       : Initializing Spring DispatcherServlet 'dispatcherServlet'
2023-07-09T20:10:25.459+09:00  INFO 420384 --- [http-nio-8761-exec-1] o.s.web.servlet.DispatcherServlet        : Initializing Servlet 'dispatcherServlet'
2023-07-09T20:10:25.461+09:00  INFO 420384 --- [http-nio-8761-exec-1] o.s.web.servlet.DispatcherServlet        : Completed initialization in 2 ms
2023-07-09T20:10:25.729+09:00  INFO 420384 --- [http-nio-8761-exec-2] c.n.e.registry.AbstractInstanceRegistry  : Registered instance AUTHENTICATION-SERVER/DESKTOP-4VPH1H9:authentication-server:8900 with status UP (replication=false)
2023-07-09T20:10:27.498+09:00  INFO 420384 --- [http-nio-8761-exec-5] c.n.e.registry.AbstractInstanceRegistry  : Registered instance GATEWAY-SERVER/DESKTOP-4VPH1H9:gateway-server:8070 with status UP (replication=false)
2023-07-09T20:10:39.787+09:00  INFO 420384 --- [http-nio-8761-exec-8] c.n.e.registry.AbstractInstanceRegistry  : Registered instance ITEM-SERVICE/DESKTOP-4VPH1H9:b8c7d9c06f302b197bdfefa25ce1a80d with status UP (replication=false)
2023-07-09T20:11:15.407+09:00  INFO 420384 --- [Eureka-EvictionTimer] c.n.e.registry.AbstractInstanceRegistry  : Running the evict task with compensationTime 0ms
2023-07-09T20:12:15.407+09:00  INFO 420384 --- [Eureka-EvictionTimer] c.n.e.registry.AbstractInstanceRegistry  : Running the evict task with compensationTime 0ms
2023-07-09T20:13:15.421+09:00  INFO 420384 --- [Eureka-EvictionTimer] c.n.e.registry.AbstractInstanceRegistry  : Running the evict task with compensationTime 13ms
2023-07-09T20:14:15.425+09:00  INFO 420384 --- [Eureka-EvictionTimer] c.n.e.registry.AbstractInstanceRegistry  : Running the evict task with compensationTime 4ms
2023-07-09T20:15:15.426+09:00  INFO 420384 --- [Eureka-EvictionTimer] c.n.e.registry.AbstractInstanceRegistry  : Running the evict task with compensationTime 0ms
2023-07-09T20:16:15.427+09:00  INFO 420384 --- [Eureka-EvictionTimer] c.n.e.registry.AbstractInstanceRegistry  : Running the evict task with compensationTime 0ms
2023-07-09T20:17:15.428+09:00  INFO 420384 --- [Eureka-EvictionTimer] c.n.e.registry.AbstractInstanceRegistry  : Running the evict task with compensationTime 1ms
2023-07-09T20:18:15.428+09:00  INFO 420384 --- [Eureka-EvictionTimer] c.n.e.registry.AbstractInstanceRegistry  : Running the evict task with compensationTime 0ms
2023-07-09T20:19:15.440+09:00  INFO 420384 --- [Eureka-EvictionTimer] c.n.e.registry.AbstractInstanceRegistry  : Running the evict task with compensationTime 12ms
2023-07-09T20:19:35.313+09:00  INFO 420384 --- [http-nio-8761-exec-5] c.n.e.registry.AbstractInstanceRegistry  : Registered instance ITEM-SERVICE/DESKTOP-4VPH1H9:b8c7d9c06f302b197bdfefa25ce1a80d with status DOWN (replication=false)
2023-07-09T20:19:39.182+09:00  INFO 420384 --- [http-nio-8761-exec-3] c.n.e.registry.AbstractInstanceRegistry  : Cancelled instance ITEM-SERVICE/DESKTOP-4VPH1H9:b8c7d9c06f302b197bdfefa25ce1a80d (replication=false)
2023-07-09T20:19:39.368+09:00  INFO 420384 --- [http-nio-8761-exec-8] c.n.e.registry.AbstractInstanceRegistry  : Registered instance GATEWAY-SERVER/DESKTOP-4VPH1H9:gateway-server:8070 with status DOWN (replication=false)
2023-07-09T20:19:45.359+09:00  INFO 420384 --- [http-nio-8761-exec-6] c.n.e.registry.AbstractInstanceRegistry  : Cancelled instance GATEWAY-SERVER/DESKTOP-4VPH1H9:gateway-server:8070 (replication=false)
2023-07-09T20:19:51.975+09:00  INFO 420384 --- [http-nio-8761-exec-1] c.n.e.registry.AbstractInstanceRegistry  : Registered instance AUTHENTICATION-SERVER/DESKTOP-4VPH1H9:authentication-server:8900 with status DOWN (replication=false)
2023-07-09T20:19:55.011+09:00  INFO 420384 --- [http-nio-8761-exec-2] c.n.e.registry.AbstractInstanceRegistry  : Cancelled instance AUTHENTICATION-SERVER/DESKTOP-4VPH1H9:authentication-server:8900 (replication=false)
2023-07-09T20:20:02.369+09:00  INFO 420384 --- [RMI TCP Connection(16)-127.0.0.1] inMXBeanRegistrar$SpringApplicationAdmin : Application shutdown requested.
2023-07-09T20:20:02.370+09:00  INFO 420384 --- [RMI TCP Connection(16)-127.0.0.1] o.s.c.n.e.s.EurekaServiceRegistry        : Unregistering application EUREKA-SERVER with eureka with status DOWN
2023-07-09T20:20:02.388+09:00  INFO 420384 --- [RMI TCP Connection(16)-127.0.0.1] o.apache.catalina.core.StandardService   : Stopping service [Tomcat]
2023-07-09T20:20:02.389+09:00  INFO 420384 --- [RMI TCP Connection(16)-127.0.0.1] o.a.c.c.C.[Tomcat].[localhost].[/]       : Destroying Spring FrameworkServlet 'dispatcherServlet'
2023-07-09T20:20:02.402+09:00  INFO 420384 --- [RMI TCP Connection(16)-127.0.0.1] o.s.c.n.e.server.EurekaServerBootstrap   : Shutting down Eureka Server..
2023-07-09T20:20:02.405+09:00  INFO 420384 --- [RMI TCP Connection(16)-127.0.0.1] c.n.eureka.DefaultEurekaServerContext    : Shutting down ...
2023-07-09T20:20:02.433+09:00  INFO 420384 --- [RMI TCP Connection(16)-127.0.0.1] c.n.eureka.DefaultEurekaServerContext    : Shut down
2023-07-09T20:20:02.433+09:00  INFO 420384 --- [RMI TCP Connection(16)-127.0.0.1] o.s.c.n.e.server.EurekaServerBootstrap   : Eureka Service is now shutdown...
2023-07-09T20:20:02.434+09:00  INFO 420384 --- [RMI TCP Connection(16)-127.0.0.1] c.n.eureka.DefaultEurekaServerContext    : Shutting down ...
2023-07-09T20:20:02.439+09:00  INFO 420384 --- [RMI TCP Connection(16)-127.0.0.1] c.n.eureka.DefaultEurekaServerContext    : Shut down
2023-07-09T20:20:02.445+09:00  INFO 420384 --- [RMI TCP Connection(16)-127.0.0.1] com.netflix.discovery.DiscoveryClient    : Shutting down DiscoveryClient ...
2023-07-09T20:20:02.446+09:00  INFO 420384 --- [RMI TCP Connection(16)-127.0.0.1] com.netflix.discovery.DiscoveryClient    : Completed shut down of DiscoveryClient
