2023-07-09T20:10:27.697+09:00  INFO [item-service,,] 423128 --- [restartedMain] org.msa.item.ItemServiceApplication      : The following 1 profile is active: "local"
2023-07-09T20:10:28.933+09:00  INFO [item-service,,] 423128 --- [restartedMain] .s.d.r.c.RepositoryConfigurationDelegate : Bootstrapping Spring Data JPA repositories in DEFAULT mode.
2023-07-09T20:10:29.113+09:00  INFO [item-service,,] 423128 --- [restartedMain] .s.d.r.c.RepositoryConfigurationDelegate : Finished Spring Data repository scanning in 171 ms. Found 1 JPA repository interfaces.
2023-07-09T20:10:29.550+09:00  INFO [item-service,,] 423128 --- [restartedMain] o.s.cloud.context.scope.GenericScope     : BeanFactory id=c4bdb6a3-39a9-3297-9237-1e49901ecc73
2023-07-09T20:10:29.623+09:00  INFO [item-service,,] 423128 --- [restartedMain] trationDelegate$BeanPostProcessorChecker : Bean 'org.msa.item.feign.HistoryFeignClient' of type [org.springframework.cloud.openfeign.FeignClientFactoryBean] is not eligible for getting processed by all BeanPostProcessors (for example: not eligible for auto-proxying)
2023-07-09T20:10:30.530+09:00  INFO [item-service,,] 423128 --- [restartedMain] o.s.b.w.embedded.tomcat.TomcatWebServer  : Tomcat initialized with port(s): 0 (http)
2023-07-09T20:10:30.541+09:00  INFO [item-service,,] 423128 --- [restartedMain] o.apache.catalina.core.StandardService   : Starting service [Tomcat]
2023-07-09T20:10:30.542+09:00  INFO [item-service,,] 423128 --- [restartedMain] o.apache.catalina.core.StandardEngine    : Starting Servlet engine: [Apache Tomcat/10.1.5]
2023-07-09T20:10:30.656+09:00  INFO [item-service,,] 423128 --- [restartedMain] o.a.c.c.C.[Tomcat].[localhost].[/]       : Initializing Spring embedded WebApplicationContext
2023-07-09T20:10:30.656+09:00  INFO [item-service,,] 423128 --- [restartedMain] w.s.c.ServletWebServerApplicationContext : Root WebApplicationContext: initialization completed in 2940 ms
2023-07-09T20:10:31.447+09:00  INFO [item-service,,] 423128 --- [restartedMain] o.hibernate.jpa.internal.util.LogHelper  : HHH000204: Processing PersistenceUnitInfo [name: default]
2023-07-09T20:10:31.505+09:00  INFO [item-service,,] 423128 --- [restartedMain] org.hibernate.Version                    : HHH000412: Hibernate ORM core version 6.1.6.Final
2023-07-09T20:10:31.705+09:00  WARN [item-service,,] 423128 --- [restartedMain] org.hibernate.orm.deprecation            : HHH90000021: Encountered deprecated setting [javax.persistence.sharedCache.mode], use [jakarta.persistence.sharedCache.mode] instead
2023-07-09T20:10:31.868+09:00  INFO [item-service,,] 423128 --- [restartedMain] com.zaxxer.hikari.HikariDataSource       : HikariPool-1 - Starting...
2023-07-09T20:10:31.957+09:00  INFO [item-service,,] 423128 --- [restartedMain] com.zaxxer.hikari.pool.HikariPool        : HikariPool-1 - Added connection org.mariadb.jdbc.Connection@4c53fc29
2023-07-09T20:10:31.959+09:00  INFO [item-service,,] 423128 --- [restartedMain] com.zaxxer.hikari.HikariDataSource       : HikariPool-1 - Start completed.
2023-07-09T20:10:31.983+09:00  INFO [item-service,,] 423128 --- [restartedMain] SQL dialect                              : HHH000400: Using dialect: org.hibernate.dialect.MariaDB103Dialect
2023-07-09T20:10:31.983+09:00  WARN [item-service,,] 423128 --- [restartedMain] org.hibernate.orm.deprecation            : HHH90000026: MariaDB103Dialect has been deprecated; use org.hibernate.dialect.MariaDBDialect instead
2023-07-09T20:10:33.890+09:00  INFO [item-service,,] 423128 --- [restartedMain] o.h.e.t.j.p.i.JtaPlatformInitiator       : HHH000490: Using JtaPlatform implementation: [org.hibernate.engine.transaction.jta.platform.internal.NoJtaPlatform]
2023-07-09T20:10:33.901+09:00  INFO [item-service,,] 423128 --- [restartedMain] j.LocalContainerEntityManagerFactoryBean : Initialized JPA EntityManagerFactory for persistence unit 'default'
2023-07-09T20:10:34.528+09:00  WARN [item-service,,] 423128 --- [restartedMain] JpaBaseConfiguration$JpaWebConfiguration : spring.jpa.open-in-view is enabled by default. Therefore, database queries may be performed during view rendering. Explicitly configure spring.jpa.open-in-view to disable this warning
2023-07-09T20:10:34.681+09:00  WARN [item-service,,] 423128 --- [restartedMain] o.s.b.d.a.OptionalLiveReloadServer       : Unable to start LiveReload server
2023-07-09T20:10:34.725+09:00  INFO [item-service,,] 423128 --- [restartedMain] o.s.c.openfeign.FeignClientFactoryBean   : For 'history-service' URL not provided. Will try picking an instance via load-balancing.
2023-07-09T20:10:39.116+09:00  INFO [item-service,,] 423128 --- [restartedMain] DiscoveryClientOptionalArgsConfiguration : Eureka HTTP Client uses RestTemplate.
2023-07-09T20:10:39.307+09:00  INFO [item-service,,] 423128 --- [restartedMain] o.s.b.a.e.web.EndpointLinksResolver      : Exposing 3 endpoint(s) beneath base path '/actuator'
2023-07-09T20:10:39.464+09:00  INFO [item-service,,] 423128 --- [restartedMain] o.s.b.w.embedded.tomcat.TomcatWebServer  : Tomcat started on port(s): 8549 (http) with context path ''
2023-07-09T20:10:39.466+09:00  INFO [item-service,,] 423128 --- [restartedMain] .s.c.n.e.s.EurekaAutoServiceRegistration : Updating port to 8549
2023-07-09T20:10:39.472+09:00  INFO [item-service,,] 423128 --- [restartedMain] o.s.c.n.eureka.InstanceInfoFactory       : Setting initial instance status as: STARTING
2023-07-09T20:10:39.518+09:00  INFO [item-service,,] 423128 --- [restartedMain] com.netflix.discovery.DiscoveryClient    : Initializing Eureka in region us-east-1
2023-07-09T20:10:39.524+09:00  INFO [item-service,,] 423128 --- [restartedMain] c.n.d.s.r.aws.ConfigClusterResolver      : Resolving eureka endpoints via configuration
2023-07-09T20:10:39.552+09:00  INFO [item-service,,] 423128 --- [restartedMain] com.netflix.discovery.DiscoveryClient    : Disable delta property : false
2023-07-09T20:10:39.552+09:00  INFO [item-service,,] 423128 --- [restartedMain] com.netflix.discovery.DiscoveryClient    : Single vip registry refresh property : null
2023-07-09T20:10:39.552+09:00  INFO [item-service,,] 423128 --- [restartedMain] com.netflix.discovery.DiscoveryClient    : Force full registry fetch : false
2023-07-09T20:10:39.552+09:00  INFO [item-service,,] 423128 --- [restartedMain] com.netflix.discovery.DiscoveryClient    : Application is null : false
2023-07-09T20:10:39.553+09:00  INFO [item-service,,] 423128 --- [restartedMain] com.netflix.discovery.DiscoveryClient    : Registered Applications size is zero : true
2023-07-09T20:10:39.553+09:00  INFO [item-service,,] 423128 --- [restartedMain] com.netflix.discovery.DiscoveryClient    : Application version is -1: true
2023-07-09T20:10:39.553+09:00  INFO [item-service,,] 423128 --- [restartedMain] com.netflix.discovery.DiscoveryClient    : Getting all instance registry info from the eureka server
2023-07-09T20:10:39.696+09:00  INFO [item-service,,] 423128 --- [restartedMain] com.netflix.discovery.DiscoveryClient    : The response status is 200
2023-07-09T20:10:39.699+09:00  INFO [item-service,,] 423128 --- [restartedMain] com.netflix.discovery.DiscoveryClient    : Starting heartbeat executor: renew interval is: 30
2023-07-09T20:10:39.702+09:00  INFO [item-service,,] 423128 --- [restartedMain] c.n.discovery.InstanceInfoReplicator     : InstanceInfoReplicator onDemand update allowed rate per min is 4
2023-07-09T20:10:39.708+09:00  INFO [item-service,,] 423128 --- [restartedMain] com.netflix.discovery.DiscoveryClient    : Discovery Client initialized at timestamp 1688901039707 with initial instances count: 2
2023-07-09T20:10:39.723+09:00  INFO [item-service,,] 423128 --- [restartedMain] o.s.c.n.e.s.EurekaServiceRegistry        : Registering application ITEM-SERVICE with eureka with status UP
2023-07-09T20:10:39.724+09:00  INFO [item-service,,] 423128 --- [restartedMain] com.netflix.discovery.DiscoveryClient    : Saw local status change event StatusChangeEvent [timestamp=1688901039724, current=UP, previous=STARTING]
2023-07-09T20:10:39.725+09:00  INFO [item-service,,] 423128 --- [DiscoveryClient-InstanceInfoReplicator-0] com.netflix.discovery.DiscoveryClient    : DiscoveryClient_ITEM-SERVICE/DESKTOP-4VPH1H9:b8c7d9c06f302b197bdfefa25ce1a80d: registering service...
2023-07-09T20:10:39.789+09:00  INFO [item-service,,] 423128 --- [DiscoveryClient-InstanceInfoReplicator-0] com.netflix.discovery.DiscoveryClient    : DiscoveryClient_ITEM-SERVICE/DESKTOP-4VPH1H9:b8c7d9c06f302b197bdfefa25ce1a80d - registration status: 204
2023-07-09T20:10:39.961+09:00  INFO [item-service,,] 423128 --- [restartedMain] org.msa.item.ItemServiceApplication      : Started ItemServiceApplication in 14.064 seconds (process running for 16.238)
2023-07-09T20:15:39.559+09:00  INFO [item-service,,] 423128 --- [AsyncResolver-bootstrap-executor-0] c.n.d.s.r.aws.ConfigClusterResolver      : Resolving eureka endpoints via configuration
2023-07-09T20:18:32.301+09:00  INFO [item-service,,] 423128 --- [http-nio-auto-1-exec-6] o.a.c.c.C.[Tomcat].[localhost].[/]       : Initializing Spring DispatcherServlet 'dispatcherServlet'
2023-07-09T20:18:32.301+09:00  INFO [item-service,,] 423128 --- [http-nio-auto-1-exec-6] o.s.web.servlet.DispatcherServlet        : Initializing Servlet 'dispatcherServlet'
2023-07-09T20:18:32.304+09:00  INFO [item-service,,] 423128 --- [http-nio-auto-1-exec-6] o.s.web.servlet.DispatcherServlet        : Completed initialization in 2 ms
2023-07-09T20:18:32.586+09:00  WARN [item-service,64aa97876c1015fc7deaa0d07b487b9a,bf8d66aeefe6a6e9] 423128 --- [http-nio-auto-1-exec-1] ocalVariableTableParameterNameDiscoverer : Using deprecated '-debug' fallback for parameter name resolution. Compile the affected code with '-parameters' instead or avoid its introspection: org.msa.item.controller.ItemController
2023-07-09T20:18:32.874+09:00  INFO [item-service,64aa978766c1d6e29d58fd8e6487943a,f3cbf19c3438b9aa] 423128 --- [http-nio-auto-1-exec-6] org.msa.item.controller.ItemController   : accountId = admin
2023-07-09T20:18:32.874+09:00  INFO [item-service,64aa9787e95ff4da612859d4ea54f9f7,0ceefb6872860cc0] 423128 --- [http-nio-auto-1-exec-7] org.msa.item.controller.ItemController   : accountId = admin
2023-07-09T20:18:32.875+09:00  INFO [item-service,64aa9787ae99d74ae2484ed3b3305290,2a3cb9ce862d43a6] 423128 --- [http-nio-auto-1-exec-5] org.msa.item.controller.ItemController   : accountId = admin
2023-07-09T20:18:32.875+09:00  INFO [item-service,64aa97874108d18f84a1f1e9cc34c393,41984c1815f1ae6c] 423128 --- [http-nio-auto-1-exec-3] org.msa.item.controller.ItemController   : accountId = admin
2023-07-09T20:18:32.875+09:00  INFO [item-service,64aa97876c1015fc7deaa0d07b487b9a,bf8d66aeefe6a6e9] 423128 --- [http-nio-auto-1-exec-1] org.msa.item.controller.ItemController   : accountId = admin
2023-07-09T20:18:33.082+09:00 ERROR [item-service,64aa97876c1015fc7deaa0d07b487b9a,bf8d66aeefe6a6e9] 423128 --- [http-nio-auto-1-exec-1] org.msa.item.service.ItemService         : bulk fallback check.
2023-07-09T20:18:33.082+09:00 ERROR [item-service,64aa978766c1d6e29d58fd8e6487943a,f3cbf19c3438b9aa] 423128 --- [http-nio-auto-1-exec-6] org.msa.item.service.ItemService         : bulk fallback check.
2023-07-09T20:18:33.082+09:00 ERROR [item-service,64aa97874108d18f84a1f1e9cc34c393,41984c1815f1ae6c] 423128 --- [http-nio-auto-1-exec-3] org.msa.item.service.ItemService         : bulk fallback check.
2023-07-09T20:18:33.082+09:00 ERROR [item-service,64aa9787ae99d74ae2484ed3b3305290,2a3cb9ce862d43a6] 423128 --- [http-nio-auto-1-exec-5] org.msa.item.service.ItemService         : bulk fallback check.
2023-07-09T20:18:33.082+09:00 DEBUG [item-service,64aa97876c1015fc7deaa0d07b487b9a,bf8d66aeefe6a6e9] 423128 --- [http-nio-auto-1-exec-1] org.msa.item.controller.ItemController   : request add item id = 1
2023-07-09T20:18:33.083+09:00 DEBUG [item-service,64aa9787ae99d74ae2484ed3b3305290,2a3cb9ce862d43a6] 423128 --- [http-nio-auto-1-exec-5] org.msa.item.controller.ItemController   : request add item id = 1
2023-07-09T20:18:33.082+09:00 DEBUG [item-service,64aa97874108d18f84a1f1e9cc34c393,41984c1815f1ae6c] 423128 --- [http-nio-auto-1-exec-3] org.msa.item.controller.ItemController   : request add item id = 1
2023-07-09T20:18:33.082+09:00 DEBUG [item-service,64aa978766c1d6e29d58fd8e6487943a,f3cbf19c3438b9aa] 423128 --- [http-nio-auto-1-exec-6] org.msa.item.controller.ItemController   : request add item id = 1
2023-07-09T20:18:35.015+09:00 DEBUG [item-service,64aa9787e95ff4da612859d4ea54f9f7,0ceefb6872860cc0] 423128 --- [http-nio-auto-1-exec-7] org.msa.item.controller.ItemController   : request add item id = 1
2023-07-09T20:19:35.306+09:00  INFO [item-service,,] 423128 --- [RMI TCP Connection(13)-127.0.0.1] inMXBeanRegistrar$SpringApplicationAdmin : Application shutdown requested.
2023-07-09T20:19:35.307+09:00  INFO [item-service,,] 423128 --- [RMI TCP Connection(13)-127.0.0.1] o.s.c.n.e.s.EurekaServiceRegistry        : Unregistering application ITEM-SERVICE with eureka with status DOWN
2023-07-09T20:19:35.308+09:00  INFO [item-service,,] 423128 --- [RMI TCP Connection(13)-127.0.0.1] com.netflix.discovery.DiscoveryClient    : Saw local status change event StatusChangeEvent [timestamp=1688901575308, current=DOWN, previous=UP]
2023-07-09T20:19:35.308+09:00  INFO [item-service,,] 423128 --- [DiscoveryClient-InstanceInfoReplicator-0] com.netflix.discovery.DiscoveryClient    : DiscoveryClient_ITEM-SERVICE/DESKTOP-4VPH1H9:b8c7d9c06f302b197bdfefa25ce1a80d: registering service...
2023-07-09T20:19:35.314+09:00  INFO [item-service,,] 423128 --- [DiscoveryClient-InstanceInfoReplicator-0] com.netflix.discovery.DiscoveryClient    : DiscoveryClient_ITEM-SERVICE/DESKTOP-4VPH1H9:b8c7d9c06f302b197bdfefa25ce1a80d - registration status: 204
2023-07-09T20:19:35.325+09:00  INFO [item-service,,] 423128 --- [RMI TCP Connection(13)-127.0.0.1] o.apache.catalina.core.StandardService   : Stopping service [Tomcat]
2023-07-09T20:19:35.358+09:00  INFO [item-service,,] 423128 --- [RMI TCP Connection(13)-127.0.0.1] o.a.c.c.C.[Tomcat].[localhost].[/]       : Destroying Spring FrameworkServlet 'dispatcherServlet'
2023-07-09T20:19:35.374+09:00  WARN [item-service,,] 423128 --- [RMI TCP Connection(13)-127.0.0.1] o.a.c.loader.WebappClassLoaderBase       : The web application [ROOT] appears to have started a thread named [AsyncReporter{org.springframework.boot.actuate.autoconfigure.tracing.zipkin.ZipkinRestTemplateSender@62e609d7}] but has failed to stop it. This is very likely to create a memory leak. Stack trace of thread:
 java.base@17.0.4.1/jdk.internal.misc.Unsafe.park(Native Method)
 java.base@17.0.4.1/java.util.concurrent.locks.LockSupport.parkNanos(LockSupport.java:252)
 java.base@17.0.4.1/java.util.concurrent.locks.AbstractQueuedSynchronizer$ConditionObject.awaitNanos(AbstractQueuedSynchronizer.java:1672)
 app//zipkin2.reporter.ByteBoundedQueue.drainTo(ByteBoundedQueue.java:81)
 app//zipkin2.reporter.AsyncReporter$BoundedAsyncReporter.flush(AsyncReporter.java:270)
 app//zipkin2.reporter.AsyncReporter$Flusher.run(AsyncReporter.java:378)
 java.base@17.0.4.1/java.lang.Thread.run(Thread.java:833)
2023-07-09T20:19:35.383+09:00  INFO [item-service,,] 423128 --- [RMI TCP Connection(13)-127.0.0.1] j.LocalContainerEntityManagerFactoryBean : Closing JPA EntityManagerFactory for persistence unit 'default'
2023-07-09T20:19:35.397+09:00  INFO [item-service,,] 423128 --- [RMI TCP Connection(13)-127.0.0.1] com.zaxxer.hikari.HikariDataSource       : HikariPool-1 - Shutdown initiated...
2023-07-09T20:19:35.412+09:00  INFO [item-service,,] 423128 --- [RMI TCP Connection(13)-127.0.0.1] com.zaxxer.hikari.HikariDataSource       : HikariPool-1 - Shutdown completed.
2023-07-09T20:19:36.164+09:00  INFO [item-service,,] 423128 --- [RMI TCP Connection(13)-127.0.0.1] com.netflix.discovery.DiscoveryClient    : Shutting down DiscoveryClient ...
2023-07-09T20:19:39.177+09:00  INFO [item-service,,] 423128 --- [RMI TCP Connection(13)-127.0.0.1] com.netflix.discovery.DiscoveryClient    : Unregistering ...
2023-07-09T20:19:39.183+09:00  INFO [item-service,,] 423128 --- [RMI TCP Connection(13)-127.0.0.1] com.netflix.discovery.DiscoveryClient    : DiscoveryClient_ITEM-SERVICE/DESKTOP-4VPH1H9:b8c7d9c06f302b197bdfefa25ce1a80d - deregister  status: 200
2023-07-09T20:19:39.186+09:00  INFO [item-service,,] 423128 --- [RMI TCP Connection(13)-127.0.0.1] com.netflix.discovery.DiscoveryClient    : Completed shut down of DiscoveryClient
