2023-07-09T20:10:17.930+09:00  INFO 421896 --- [restartedMain] o.m.a.AuthenticationServerApplication    : The following 1 profile is active: "local"
2023-07-09T20:10:19.517+09:00  INFO 421896 --- [restartedMain] .s.d.r.c.RepositoryConfigurationDelegate : Bootstrapping Spring Data JPA repositories in DEFAULT mode.
2023-07-09T20:10:19.689+09:00  INFO 421896 --- [restartedMain] .s.d.r.c.RepositoryConfigurationDelegate : Finished Spring Data repository scanning in 162 ms. Found 1 JPA repository interfaces.
2023-07-09T20:10:19.921+09:00  INFO 421896 --- [restartedMain] o.s.cloud.context.scope.GenericScope     : BeanFactory id=13b49fdf-fd83-301b-882e-e9f9152a493d
2023-07-09T20:10:20.690+09:00  INFO 421896 --- [restartedMain] o.s.b.w.embedded.tomcat.TomcatWebServer  : Tomcat initialized with port(s): 8900 (http)
2023-07-09T20:10:20.702+09:00  INFO 421896 --- [restartedMain] o.apache.catalina.core.StandardService   : Starting service [Tomcat]
2023-07-09T20:10:20.702+09:00  INFO 421896 --- [restartedMain] o.apache.catalina.core.StandardEngine    : Starting Servlet engine: [Apache Tomcat/10.1.5]
2023-07-09T20:10:20.793+09:00  INFO 421896 --- [restartedMain] o.a.c.c.C.[Tomcat].[localhost].[/]       : Initializing Spring embedded WebApplicationContext
2023-07-09T20:10:20.794+09:00  INFO 421896 --- [restartedMain] w.s.c.ServletWebServerApplicationContext : Root WebApplicationContext: initialization completed in 2810 ms
2023-07-09T20:10:20.986+09:00  INFO 421896 --- [restartedMain] o.hibernate.jpa.internal.util.LogHelper  : HHH000204: Processing PersistenceUnitInfo [name: default]
2023-07-09T20:10:21.061+09:00  INFO 421896 --- [restartedMain] org.hibernate.Version                    : HHH000412: Hibernate ORM core version 6.1.7.Final
2023-07-09T20:10:21.786+09:00  INFO 421896 --- [restartedMain] com.zaxxer.hikari.HikariDataSource       : HikariPool-1 - Starting...
2023-07-09T20:10:21.928+09:00  INFO 421896 --- [restartedMain] com.zaxxer.hikari.pool.HikariPool        : HikariPool-1 - Added connection org.mariadb.jdbc.Connection@5d0ed4ca
2023-07-09T20:10:21.930+09:00  INFO 421896 --- [restartedMain] com.zaxxer.hikari.HikariDataSource       : HikariPool-1 - Start completed.
2023-07-09T20:10:21.954+09:00  INFO 421896 --- [restartedMain] SQL dialect                              : HHH000400: Using dialect: org.hibernate.dialect.MariaDB103Dialect
2023-07-09T20:10:21.955+09:00  WARN 421896 --- [restartedMain] org.hibernate.orm.deprecation            : HHH90000026: MariaDB103Dialect has been deprecated; use org.hibernate.dialect.MariaDBDialect instead
2023-07-09T20:10:23.452+09:00  INFO 421896 --- [restartedMain] o.h.e.t.j.p.i.JtaPlatformInitiator       : HHH000490: Using JtaPlatform implementation: [org.hibernate.engine.transaction.jta.platform.internal.NoJtaPlatform]
2023-07-09T20:10:23.464+09:00  INFO 421896 --- [restartedMain] j.LocalContainerEntityManagerFactoryBean : Initialized JPA EntityManagerFactory for persistence unit 'default'
2023-07-09T20:10:23.817+09:00  WARN 421896 --- [restartedMain] JpaBaseConfiguration$JpaWebConfiguration : spring.jpa.open-in-view is enabled by default. Therefore, database queries may be performed during view rendering. Explicitly configure spring.jpa.open-in-view to disable this warning
2023-07-09T20:10:24.315+09:00  INFO 421896 --- [restartedMain] o.s.b.d.a.OptionalLiveReloadServer       : LiveReload server is running on port 35729
2023-07-09T20:10:24.569+09:00  INFO 421896 --- [restartedMain] DiscoveryClientOptionalArgsConfiguration : Eureka HTTP Client uses RestTemplate.
2023-07-09T20:10:24.952+09:00  INFO 421896 --- [restartedMain] o.s.c.n.eureka.InstanceInfoFactory       : Setting initial instance status as: STARTING
2023-07-09T20:10:24.997+09:00  INFO 421896 --- [restartedMain] com.netflix.discovery.DiscoveryClient    : Initializing Eureka in region us-east-1
2023-07-09T20:10:25.004+09:00  INFO 421896 --- [restartedMain] c.n.d.s.r.aws.ConfigClusterResolver      : Resolving eureka endpoints via configuration
2023-07-09T20:10:25.030+09:00  INFO 421896 --- [restartedMain] com.netflix.discovery.DiscoveryClient    : Disable delta property : false
2023-07-09T20:10:25.031+09:00  INFO 421896 --- [restartedMain] com.netflix.discovery.DiscoveryClient    : Single vip registry refresh property : null
2023-07-09T20:10:25.032+09:00  INFO 421896 --- [restartedMain] com.netflix.discovery.DiscoveryClient    : Force full registry fetch : false
2023-07-09T20:10:25.032+09:00  INFO 421896 --- [restartedMain] com.netflix.discovery.DiscoveryClient    : Application is null : false
2023-07-09T20:10:25.032+09:00  INFO 421896 --- [restartedMain] com.netflix.discovery.DiscoveryClient    : Registered Applications size is zero : true
2023-07-09T20:10:25.033+09:00  INFO 421896 --- [restartedMain] com.netflix.discovery.DiscoveryClient    : Application version is -1: true
2023-07-09T20:10:25.033+09:00  INFO 421896 --- [restartedMain] com.netflix.discovery.DiscoveryClient    : Getting all instance registry info from the eureka server
2023-07-09T20:10:25.595+09:00  INFO 421896 --- [restartedMain] com.netflix.discovery.DiscoveryClient    : The response status is 200
2023-07-09T20:10:25.597+09:00  INFO 421896 --- [restartedMain] com.netflix.discovery.DiscoveryClient    : Starting heartbeat executor: renew interval is: 30
2023-07-09T20:10:25.601+09:00  INFO 421896 --- [restartedMain] c.n.discovery.InstanceInfoReplicator     : InstanceInfoReplicator onDemand update allowed rate per min is 4
2023-07-09T20:10:25.606+09:00  INFO 421896 --- [restartedMain] com.netflix.discovery.DiscoveryClient    : Discovery Client initialized at timestamp 1688901025605 with initial instances count: 0
2023-07-09T20:10:25.609+09:00  INFO 421896 --- [restartedMain] o.s.c.n.e.s.EurekaServiceRegistry        : Registering application AUTHENTICATION-SERVER with eureka with status UP
2023-07-09T20:10:25.610+09:00  INFO 421896 --- [restartedMain] com.netflix.discovery.DiscoveryClient    : Saw local status change event StatusChangeEvent [timestamp=1688901025610, current=UP, previous=STARTING]
2023-07-09T20:10:25.613+09:00  INFO 421896 --- [DiscoveryClient-InstanceInfoReplicator-0] com.netflix.discovery.DiscoveryClient    : DiscoveryClient_AUTHENTICATION-SERVER/DESKTOP-4VPH1H9:authentication-server:8900: registering service...
2023-07-09T20:10:25.644+09:00  INFO 421896 --- [restartedMain] o.s.b.w.embedded.tomcat.TomcatWebServer  : Tomcat started on port(s): 8900 (http) with context path ''
2023-07-09T20:10:25.645+09:00  INFO 421896 --- [restartedMain] .s.c.n.e.s.EurekaAutoServiceRegistration : Updating port to 8900
2023-07-09T20:10:25.734+09:00  INFO 421896 --- [DiscoveryClient-InstanceInfoReplicator-0] com.netflix.discovery.DiscoveryClient    : DiscoveryClient_AUTHENTICATION-SERVER/DESKTOP-4VPH1H9:authentication-server:8900 - registration status: 204
2023-07-09T20:10:25.933+09:00  INFO 421896 --- [restartedMain] o.m.a.AuthenticationServerApplication    : Started AuthenticationServerApplication in 9.768 seconds (process running for 11.381)
2023-07-09T20:10:55.599+09:00  INFO 421896 --- [DiscoveryClient-CacheRefreshExecutor-0] com.netflix.discovery.DiscoveryClient    : Disable delta property : false
2023-07-09T20:10:55.601+09:00  INFO 421896 --- [DiscoveryClient-CacheRefreshExecutor-0] com.netflix.discovery.DiscoveryClient    : Single vip registry refresh property : null
2023-07-09T20:10:55.601+09:00  INFO 421896 --- [DiscoveryClient-CacheRefreshExecutor-0] com.netflix.discovery.DiscoveryClient    : Force full registry fetch : false
2023-07-09T20:10:55.601+09:00  INFO 421896 --- [DiscoveryClient-CacheRefreshExecutor-0] com.netflix.discovery.DiscoveryClient    : Application is null : false
2023-07-09T20:10:55.601+09:00  INFO 421896 --- [DiscoveryClient-CacheRefreshExecutor-0] com.netflix.discovery.DiscoveryClient    : Registered Applications size is zero : true
2023-07-09T20:10:55.601+09:00  INFO 421896 --- [DiscoveryClient-CacheRefreshExecutor-0] com.netflix.discovery.DiscoveryClient    : Application version is -1: false
2023-07-09T20:10:55.601+09:00  INFO 421896 --- [DiscoveryClient-CacheRefreshExecutor-0] com.netflix.discovery.DiscoveryClient    : Getting all instance registry info from the eureka server
2023-07-09T20:10:55.612+09:00  INFO 421896 --- [DiscoveryClient-CacheRefreshExecutor-0] com.netflix.discovery.DiscoveryClient    : The response status is 200
2023-07-09T20:15:25.048+09:00  INFO 421896 --- [AsyncResolver-bootstrap-executor-0] c.n.d.s.r.aws.ConfigClusterResolver      : Resolving eureka endpoints via configuration
2023-07-09T20:17:19.273+09:00  INFO 421896 --- [http-nio-8900-exec-5] o.a.c.c.C.[Tomcat].[localhost].[/]       : Initializing Spring DispatcherServlet 'dispatcherServlet'
2023-07-09T20:17:19.273+09:00  INFO 421896 --- [http-nio-8900-exec-5] o.s.web.servlet.DispatcherServlet        : Initializing Servlet 'dispatcherServlet'
2023-07-09T20:17:19.275+09:00  INFO 421896 --- [http-nio-8900-exec-5] o.s.web.servlet.DispatcherServlet        : Completed initialization in 2 ms
2023-07-09T20:17:20.146+09:00 DEBUG 421896 --- [http-nio-8900-exec-5] o.m.a.c.AuthenticationController         : join.account.id = admin
2023-07-09T20:17:22.565+09:00 DEBUG 421896 --- [http-nio-8900-exec-1] o.m.a.c.AuthenticationController         : token.account.id = admin
2023-07-09T20:19:51.968+09:00  INFO 421896 --- [RMI TCP Connection(13)-127.0.0.1] inMXBeanRegistrar$SpringApplicationAdmin : Application shutdown requested.
2023-07-09T20:19:51.970+09:00  INFO 421896 --- [RMI TCP Connection(13)-127.0.0.1] o.s.c.n.e.s.EurekaServiceRegistry        : Unregistering application AUTHENTICATION-SERVER with eureka with status DOWN
2023-07-09T20:19:51.970+09:00  INFO 421896 --- [RMI TCP Connection(13)-127.0.0.1] com.netflix.discovery.DiscoveryClient    : Saw local status change event StatusChangeEvent [timestamp=1688901591970, current=DOWN, previous=UP]
2023-07-09T20:19:51.971+09:00  INFO 421896 --- [DiscoveryClient-InstanceInfoReplicator-0] com.netflix.discovery.DiscoveryClient    : DiscoveryClient_AUTHENTICATION-SERVER/DESKTOP-4VPH1H9:authentication-server:8900: registering service...
2023-07-09T20:19:51.977+09:00  INFO 421896 --- [DiscoveryClient-InstanceInfoReplicator-0] com.netflix.discovery.DiscoveryClient    : DiscoveryClient_AUTHENTICATION-SERVER/DESKTOP-4VPH1H9:authentication-server:8900 - registration status: 204
2023-07-09T20:19:51.989+09:00  INFO 421896 --- [RMI TCP Connection(13)-127.0.0.1] o.apache.catalina.core.StandardService   : Stopping service [Tomcat]
2023-07-09T20:19:51.991+09:00  INFO 421896 --- [RMI TCP Connection(13)-127.0.0.1] o.a.c.c.C.[Tomcat].[localhost].[/]       : Destroying Spring FrameworkServlet 'dispatcherServlet'
2023-07-09T20:19:51.997+09:00  INFO 421896 --- [RMI TCP Connection(13)-127.0.0.1] j.LocalContainerEntityManagerFactoryBean : Closing JPA EntityManagerFactory for persistence unit 'default'
2023-07-09T20:19:52.000+09:00  INFO 421896 --- [RMI TCP Connection(13)-127.0.0.1] com.zaxxer.hikari.HikariDataSource       : HikariPool-1 - Shutdown initiated...
2023-07-09T20:19:52.004+09:00  INFO 421896 --- [RMI TCP Connection(13)-127.0.0.1] com.zaxxer.hikari.HikariDataSource       : HikariPool-1 - Shutdown completed.
2023-07-09T20:19:52.005+09:00  INFO 421896 --- [RMI TCP Connection(13)-127.0.0.1] com.netflix.discovery.DiscoveryClient    : Shutting down DiscoveryClient ...
2023-07-09T20:19:55.006+09:00  INFO 421896 --- [RMI TCP Connection(13)-127.0.0.1] com.netflix.discovery.DiscoveryClient    : Unregistering ...
2023-07-09T20:19:55.012+09:00  INFO 421896 --- [RMI TCP Connection(13)-127.0.0.1] com.netflix.discovery.DiscoveryClient    : DiscoveryClient_AUTHENTICATION-SERVER/DESKTOP-4VPH1H9:authentication-server:8900 - deregister  status: 200
2023-07-09T20:19:55.016+09:00  INFO 421896 --- [RMI TCP Connection(13)-127.0.0.1] com.netflix.discovery.DiscoveryClient    : Completed shut down of DiscoveryClient
